Started GET "/" for ::1 at 2019-08-27 13:14:58 -0400
  [1m[35m (0.7ms)[0m  [1m[34mSELECT "schema_migrations"."version" FROM "schema_migrations" ORDER BY "schema_migrations"."version" ASC[0m
  ↳ /home/f1nesse13/.rbenv/versions/2.6.1/lib/ruby/gems/2.6.0/gems/activerecord-5.2.3/lib/active_record/log_subscriber.rb:98
Processing by StaticpagesController#root as HTML
  Rendering staticpages/index.html.erb within layouts/application
  Rendered staticpages/index.html.erb within layouts/application (0.6ms)
Completed 200 OK in 1398ms (Views: 1395.1ms | ActiveRecord: 0.0ms)


Started GET "/" for ::1 at 2019-08-27 13:17:11 -0400
Processing by StaticpagesController#root as HTML
  Rendering staticpages/index.html.erb within layouts/application
  Rendered staticpages/index.html.erb within layouts/application (0.3ms)
Completed 200 OK in 183ms (Views: 182.4ms | ActiveRecord: 0.0ms)


Started GET "/" for ::1 at 2019-08-27 13:18:45 -0400
Processing by StaticpagesController#root as HTML
  Rendering staticpages/index.html.erb within layouts/application
  Rendered staticpages/index.html.erb within layouts/application (0.3ms)
Completed 200 OK in 203ms (Views: 202.6ms | ActiveRecord: 0.0ms)


Started GET "/" for ::1 at 2019-08-27 13:18:46 -0400
Processing by StaticpagesController#root as HTML
  Rendering staticpages/index.html.erb within layouts/application
  Rendered staticpages/index.html.erb within layouts/application (0.2ms)
Completed 200 OK in 15ms (Views: 14.5ms | ActiveRecord: 0.0ms)


Started GET "/" for ::1 at 2019-08-27 13:28:42 -0400
Processing by StaticpagesController#root as HTML
  Rendering staticpages/index.html.erb within layouts/application
  Rendered staticpages/index.html.erb within layouts/application (0.2ms)
Completed 200 OK in 200ms (Views: 200.0ms | ActiveRecord: 0.0ms)


Started GET "/" for ::1 at 2019-08-27 13:29:10 -0400
Processing by StaticpagesController#root as HTML
  Rendering staticpages/index.html.erb within layouts/application
  Rendered staticpages/index.html.erb within layouts/application (0.3ms)
Completed 200 OK in 220ms (Views: 220.0ms | ActiveRecord: 0.0ms)


Started GET "/" for ::1 at 2019-08-27 13:29:22 -0400
Processing by StaticpagesController#root as HTML
  Rendering staticpages/index.html.erb within layouts/application
  Rendered staticpages/index.html.erb within layouts/application (0.3ms)
Completed 200 OK in 15ms (Views: 14.8ms | ActiveRecord: 0.0ms)


Started GET "/" for ::1 at 2019-08-27 13:31:04 -0400
Processing by StaticpagesController#root as HTML
  Rendering staticpages/index.html.erb within layouts/application
  Rendered staticpages/index.html.erb within layouts/application (0.3ms)
Completed 200 OK in 186ms (Views: 185.7ms | ActiveRecord: 0.0ms)


Started GET "/" for ::1 at 2019-08-27 13:31:38 -0400
Processing by StaticpagesController#root as HTML
  Rendering staticpages/index.html.erb within layouts/application
  Rendered staticpages/index.html.erb within layouts/application (0.2ms)
Completed 200 OK in 195ms (Views: 194.6ms | ActiveRecord: 0.0ms)


Started GET "/" for ::1 at 2019-08-29 13:17:15 -0400
  [1m[35m (0.7ms)[0m  [1m[34mSELECT "schema_migrations"."version" FROM "schema_migrations" ORDER BY "schema_migrations"."version" ASC[0m
  ↳ /home/f1nesse13/.rbenv/versions/2.6.1/lib/ruby/gems/2.6.0/gems/activerecord-5.2.3/lib/active_record/log_subscriber.rb:98
Processing by StaticpagesController#root as HTML
  Rendering staticpages/index.html.erb within layouts/application
  Rendered staticpages/index.html.erb within layouts/application (0.3ms)
Completed 200 OK in 918ms (Views: 914.0ms | ActiveRecord: 0.0ms)


Started GET "/" for ::1 at 2019-08-29 13:17:19 -0400
Processing by StaticpagesController#root as HTML
  Rendering staticpages/index.html.erb within layouts/application
  Rendered staticpages/index.html.erb within layouts/application (0.2ms)
Completed 200 OK in 16ms (Views: 15.0ms | ActiveRecord: 0.0ms)


Started GET "/" for ::1 at 2019-08-29 13:17:49 -0400
Processing by StaticpagesController#root as HTML
  Rendering staticpages/index.html.erb within layouts/application
  Rendered staticpages/index.html.erb within layouts/application (0.2ms)
Completed 200 OK in 218ms (Views: 217.7ms | ActiveRecord: 0.0ms)


Started GET "/" for ::1 at 2019-08-29 13:17:53 -0400
Processing by StaticpagesController#root as HTML
  Rendering staticpages/index.html.erb within layouts/application
  Rendered staticpages/index.html.erb within layouts/application (0.2ms)
Completed 200 OK in 22ms (Views: 21.2ms | ActiveRecord: 0.0ms)


Started GET "/" for ::1 at 2019-08-29 13:17:54 -0400
Processing by StaticpagesController#root as HTML
  Rendering staticpages/index.html.erb within layouts/application
  Rendered staticpages/index.html.erb within layouts/application (19.3ms)
Completed 200 OK in 35ms (Views: 34.6ms | ActiveRecord: 0.0ms)


Started GET "/" for ::1 at 2019-08-29 13:17:54 -0400
Processing by StaticpagesController#root as HTML
  Rendering staticpages/index.html.erb within layouts/application
  Rendered staticpages/index.html.erb within layouts/application (0.2ms)
Completed 200 OK in 13ms (Views: 12.6ms | ActiveRecord: 0.0ms)


Started GET "/" for ::1 at 2019-08-29 13:18:42 -0400
Processing by StaticpagesController#root as HTML
  Rendering staticpages/index.html.erb within layouts/application
  Rendered staticpages/index.html.erb within layouts/application (0.2ms)
Completed 200 OK in 187ms (Views: 187.1ms | ActiveRecord: 0.0ms)


Started GET "/" for ::1 at 2019-08-29 13:18:50 -0400
Processing by StaticpagesController#root as HTML
  Rendering staticpages/index.html.erb within layouts/application
  Rendered staticpages/index.html.erb within layouts/application (0.2ms)
Completed 200 OK in 14ms (Views: 13.8ms | ActiveRecord: 0.0ms)


Started GET "/" for ::1 at 2019-08-29 13:18:56 -0400
Processing by StaticpagesController#root as HTML
  Rendering staticpages/index.html.erb within layouts/application
  Rendered staticpages/index.html.erb within layouts/application (0.2ms)
Completed 200 OK in 24ms (Views: 23.8ms | ActiveRecord: 0.0ms)


Started GET "/" for ::1 at 2019-08-29 13:18:59 -0400
Processing by StaticpagesController#root as HTML
  Rendering staticpages/index.html.erb within layouts/application
  Rendered staticpages/index.html.erb within layouts/application (0.2ms)
Completed 200 OK in 14ms (Views: 13.8ms | ActiveRecord: 0.0ms)


Started GET "/" for ::1 at 2019-08-29 13:18:59 -0400
Processing by StaticpagesController#root as HTML
  Rendering staticpages/index.html.erb within layouts/application
  Rendered staticpages/index.html.erb within layouts/application (0.7ms)
Completed 200 OK in 53ms (Views: 52.3ms | ActiveRecord: 0.0ms)


Started GET "/" for ::1 at 2019-08-29 13:19:15 -0400
Processing by StaticpagesController#root as HTML
  Rendering staticpages/index.html.erb within layouts/application
  Rendered staticpages/index.html.erb within layouts/application (1.0ms)
Completed 200 OK in 215ms (Views: 213.9ms | ActiveRecord: 0.0ms)


Started GET "/" for ::1 at 2019-08-29 13:19:31 -0400
Processing by StaticpagesController#root as HTML
  Rendering staticpages/index.html.erb within layouts/application
  Rendered staticpages/index.html.erb within layouts/application (0.2ms)
Completed 200 OK in 201ms (Views: 200.6ms | ActiveRecord: 0.0ms)


Started GET "/" for ::1 at 2019-08-29 13:20:44 -0400
Processing by StaticpagesController#root as HTML
  Rendering staticpages/index.html.erb within layouts/application
  Rendered staticpages/index.html.erb within layouts/application (0.2ms)
Completed 200 OK in 184ms (Views: 183.1ms | ActiveRecord: 0.0ms)


Started GET "/" for ::1 at 2019-08-29 13:20:45 -0400
Processing by StaticpagesController#root as HTML
  Rendering staticpages/index.html.erb within layouts/application
  Rendered staticpages/index.html.erb within layouts/application (0.2ms)
Completed 200 OK in 15ms (Views: 14.3ms | ActiveRecord: 0.0ms)


Started GET "/" for ::1 at 2019-08-29 13:20:53 -0400
Processing by StaticpagesController#root as HTML
  Rendering staticpages/index.html.erb within layouts/application
  Rendered staticpages/index.html.erb within layouts/application (0.4ms)
Completed 200 OK in 200ms (Views: 199.3ms | ActiveRecord: 0.0ms)


Started GET "/" for ::1 at 2019-08-29 16:23:47 -0400
Processing by StaticpagesController#root as HTML
  Rendering staticpages/index.html.erb within layouts/application
  Rendered staticpages/index.html.erb within layouts/application (0.3ms)
Completed 200 OK in 221ms (Views: 220.9ms | ActiveRecord: 0.0ms)


Started GET "/" for ::1 at 2019-08-29 16:31:47 -0400
Processing by StaticpagesController#root as HTML
  Rendering staticpages/index.html.erb within layouts/application
  Rendered staticpages/index.html.erb within layouts/application (0.2ms)
Completed 200 OK in 194ms (Views: 193.8ms | ActiveRecord: 0.0ms)


Started GET "/" for ::1 at 2019-08-29 16:35:34 -0400
Processing by StaticpagesController#root as HTML
  Rendering staticpages/index.html.erb within layouts/application
  Rendered staticpages/index.html.erb within layouts/application (0.6ms)
Completed 200 OK in 251ms (Views: 250.4ms | ActiveRecord: 0.0ms)


Started GET "/" for ::1 at 2019-08-29 17:02:54 -0400
Processing by StaticpagesController#root as HTML
  Rendering staticpages/index.html.erb within layouts/application
  Rendered staticpages/index.html.erb within layouts/application (0.2ms)
Completed 200 OK in 190ms (Views: 189.7ms | ActiveRecord: 0.0ms)


Started GET "/" for ::1 at 2019-08-29 17:03:15 -0400
Processing by StaticpagesController#root as HTML
  Rendering staticpages/index.html.erb within layouts/application
  Rendered staticpages/index.html.erb within layouts/application (0.2ms)
Completed 200 OK in 15ms (Views: 14.5ms | ActiveRecord: 0.0ms)


Started GET "/" for ::1 at 2019-08-29 17:04:23 -0400
Processing by StaticpagesController#root as HTML
  Rendering staticpages/index.html.erb within layouts/application
  Rendered staticpages/index.html.erb within layouts/application (0.2ms)
Completed 200 OK in 194ms (Views: 193.4ms | ActiveRecord: 0.0ms)


Started GET "/" for ::1 at 2019-08-29 17:05:11 -0400
Processing by StaticpagesController#root as HTML
  Rendering staticpages/index.html.erb within layouts/application
  Rendered staticpages/index.html.erb within layouts/application (0.5ms)
Completed 200 OK in 191ms (Views: 190.6ms | ActiveRecord: 0.0ms)


Started GET "/" for ::1 at 2019-08-29 17:05:12 -0400
Processing by StaticpagesController#root as HTML
  Rendering staticpages/index.html.erb within layouts/application
  Rendered staticpages/index.html.erb within layouts/application (0.7ms)
Completed 200 OK in 37ms (Views: 36.4ms | ActiveRecord: 0.0ms)


Started GET "/" for ::1 at 2019-08-29 17:06:25 -0400
Processing by StaticpagesController#root as HTML
  Rendering staticpages/index.html.erb within layouts/application
  Rendered staticpages/index.html.erb within layouts/application (0.3ms)
Completed 200 OK in 216ms (Views: 216.0ms | ActiveRecord: 0.0ms)


Started GET "/" for ::1 at 2019-08-29 17:06:37 -0400
Processing by StaticpagesController#root as HTML
  Rendering staticpages/index.html.erb within layouts/application
  Rendered staticpages/index.html.erb within layouts/application (0.5ms)
Completed 200 OK in 31ms (Views: 29.7ms | ActiveRecord: 0.0ms)


Started GET "/" for ::1 at 2019-08-29 17:08:00 -0400
Processing by StaticpagesController#root as HTML
  Rendering staticpages/index.html.erb within layouts/application
  Rendered staticpages/index.html.erb within layouts/application (0.2ms)
Completed 200 OK in 215ms (Views: 214.8ms | ActiveRecord: 0.0ms)


Started GET "/" for ::1 at 2019-08-29 17:08:31 -0400
Processing by StaticpagesController#root as HTML
  Rendering staticpages/index.html.erb within layouts/application
  Rendered staticpages/index.html.erb within layouts/application (0.2ms)
Completed 200 OK in 186ms (Views: 185.5ms | ActiveRecord: 0.0ms)


Started GET "/" for ::1 at 2019-08-29 17:08:51 -0400
Processing by StaticpagesController#root as HTML
  Rendering staticpages/index.html.erb within layouts/application
  Rendered staticpages/index.html.erb within layouts/application (0.2ms)
Completed 200 OK in 21ms (Views: 20.6ms | ActiveRecord: 0.0ms)


Started GET "/" for ::1 at 2019-08-29 17:09:16 -0400
Processing by StaticpagesController#root as HTML
  Rendering staticpages/index.html.erb within layouts/application
  Rendered staticpages/index.html.erb within layouts/application (0.2ms)
Completed 200 OK in 27ms (Views: 27.1ms | ActiveRecord: 0.0ms)


Started GET "/" for ::1 at 2019-08-29 17:09:37 -0400
Processing by StaticpagesController#root as HTML
  Rendering staticpages/index.html.erb within layouts/application
  Rendered staticpages/index.html.erb within layouts/application (0.2ms)
Completed 200 OK in 199ms (Views: 198.6ms | ActiveRecord: 0.0ms)


Started GET "/" for ::1 at 2019-08-29 17:10:45 -0400
Processing by StaticpagesController#root as HTML
  Rendering staticpages/index.html.erb within layouts/application
  Rendered staticpages/index.html.erb within layouts/application (0.2ms)
Completed 200 OK in 216ms (Views: 215.6ms | ActiveRecord: 0.0ms)


Started GET "/" for ::1 at 2019-08-29 17:11:08 -0400
Processing by StaticpagesController#root as HTML
  Rendering staticpages/index.html.erb within layouts/application
  Rendered staticpages/index.html.erb within layouts/application (0.4ms)
Completed 200 OK in 198ms (Views: 197.3ms | ActiveRecord: 0.0ms)


Started GET "/" for ::1 at 2019-08-29 17:11:22 -0400
Processing by StaticpagesController#root as HTML
  Rendering staticpages/index.html.erb within layouts/application
  Rendered staticpages/index.html.erb within layouts/application (0.2ms)
Completed 200 OK in 187ms (Views: 186.4ms | ActiveRecord: 0.0ms)


Started GET "/" for ::1 at 2019-08-29 17:11:54 -0400
Processing by StaticpagesController#root as HTML
  Rendering staticpages/index.html.erb within layouts/application
  Rendered staticpages/index.html.erb within layouts/application (0.2ms)
Completed 200 OK in 192ms (Views: 192.2ms | ActiveRecord: 0.0ms)


Started GET "/" for ::1 at 2019-08-29 17:13:18 -0400
Processing by StaticpagesController#root as HTML
  Rendering staticpages/index.html.erb within layouts/application
  Rendered staticpages/index.html.erb within layouts/application (0.3ms)
Completed 200 OK in 193ms (Views: 192.4ms | ActiveRecord: 0.0ms)


Started GET "/" for ::1 at 2019-08-29 17:13:37 -0400
Processing by StaticpagesController#root as HTML
  Rendering staticpages/index.html.erb within layouts/application
  Rendered staticpages/index.html.erb within layouts/application (0.2ms)
Completed 200 OK in 195ms (Views: 195.1ms | ActiveRecord: 0.0ms)


Started GET "/" for ::1 at 2019-08-29 17:13:48 -0400
Processing by StaticpagesController#root as HTML
  Rendering staticpages/index.html.erb within layouts/application
  Rendered staticpages/index.html.erb within layouts/application (0.2ms)
Completed 200 OK in 191ms (Views: 190.4ms | ActiveRecord: 0.0ms)


Started GET "/" for ::1 at 2019-08-29 17:13:56 -0400
Processing by StaticpagesController#root as HTML
  Rendering staticpages/index.html.erb within layouts/application
  Rendered staticpages/index.html.erb within layouts/application (0.9ms)
Completed 200 OK in 227ms (Views: 225.7ms | ActiveRecord: 0.0ms)


Started GET "/" for ::1 at 2019-08-29 17:14:10 -0400
Processing by StaticpagesController#root as HTML
  Rendering staticpages/index.html.erb within layouts/application
  Rendered staticpages/index.html.erb within layouts/application (0.6ms)
Completed 200 OK in 233ms (Views: 232.3ms | ActiveRecord: 0.0ms)


Started GET "/" for ::1 at 2019-08-29 17:14:30 -0400
Processing by StaticpagesController#root as HTML
  Rendering staticpages/index.html.erb within layouts/application
  Rendered staticpages/index.html.erb within layouts/application (0.2ms)
Completed 200 OK in 28ms (Views: 27.9ms | ActiveRecord: 0.0ms)


Started GET "/" for ::1 at 2019-08-29 17:14:49 -0400
Processing by StaticpagesController#root as HTML
  Rendering staticpages/index.html.erb within layouts/application
  Rendered staticpages/index.html.erb within layouts/application (0.3ms)
Completed 200 OK in 212ms (Views: 211.2ms | ActiveRecord: 0.0ms)


Started GET "/" for ::1 at 2019-08-29 17:15:10 -0400
Processing by StaticpagesController#root as HTML
  Rendering staticpages/index.html.erb within layouts/application
  Rendered staticpages/index.html.erb within layouts/application (0.2ms)
Completed 200 OK in 190ms (Views: 189.7ms | ActiveRecord: 0.0ms)


Started GET "/" for ::1 at 2019-08-29 17:15:29 -0400
Processing by StaticpagesController#root as HTML
  Rendering staticpages/index.html.erb within layouts/application
  Rendered staticpages/index.html.erb within layouts/application (0.6ms)
Completed 200 OK in 228ms (Views: 227.2ms | ActiveRecord: 0.0ms)


Started GET "/" for ::1 at 2019-08-29 17:15:40 -0400
Processing by StaticpagesController#root as HTML
  Rendering staticpages/index.html.erb within layouts/application
  Rendered staticpages/index.html.erb within layouts/application (0.2ms)
Completed 200 OK in 229ms (Views: 229.0ms | ActiveRecord: 0.0ms)


Started GET "/" for ::1 at 2019-08-29 17:16:32 -0400
Processing by StaticpagesController#root as HTML
  Rendering staticpages/index.html.erb within layouts/application
  Rendered staticpages/index.html.erb within layouts/application (0.3ms)
Completed 200 OK in 183ms (Views: 182.6ms | ActiveRecord: 0.0ms)


Started GET "/" for ::1 at 2019-08-29 17:16:46 -0400
Processing by StaticpagesController#root as HTML
  Rendering staticpages/index.html.erb within layouts/application
  Rendered staticpages/index.html.erb within layouts/application (0.3ms)
Completed 200 OK in 195ms (Views: 194.0ms | ActiveRecord: 0.0ms)


Started GET "/" for ::1 at 2019-08-29 17:17:14 -0400
Processing by StaticpagesController#root as HTML
  Rendering staticpages/index.html.erb within layouts/application
  Rendered staticpages/index.html.erb within layouts/application (0.2ms)
Completed 200 OK in 192ms (Views: 191.3ms | ActiveRecord: 0.0ms)


Started GET "/" for ::1 at 2019-08-29 17:17:32 -0400
Processing by StaticpagesController#root as HTML
  Rendering staticpages/index.html.erb within layouts/application
  Rendered staticpages/index.html.erb within layouts/application (0.3ms)
Completed 200 OK in 194ms (Views: 193.9ms | ActiveRecord: 0.0ms)


Started GET "/" for ::1 at 2019-08-29 17:17:55 -0400
Processing by StaticpagesController#root as HTML
  Rendering staticpages/index.html.erb within layouts/application
  Rendered staticpages/index.html.erb within layouts/application (0.4ms)
Completed 200 OK in 19ms (Views: 18.5ms | ActiveRecord: 0.0ms)


Started GET "/" for ::1 at 2019-08-29 17:18:07 -0400
Processing by StaticpagesController#root as HTML
  Rendering staticpages/index.html.erb within layouts/application
  Rendered staticpages/index.html.erb within layouts/application (0.2ms)
Completed 200 OK in 197ms (Views: 196.2ms | ActiveRecord: 0.0ms)


Started GET "/" for ::1 at 2019-08-29 17:18:39 -0400
Processing by StaticpagesController#root as HTML
  Rendering staticpages/index.html.erb within layouts/application
  Rendered staticpages/index.html.erb within layouts/application (0.4ms)
Completed 200 OK in 207ms (Views: 206.1ms | ActiveRecord: 0.0ms)


Started GET "/" for ::1 at 2019-08-29 17:47:26 -0400
Processing by StaticpagesController#root as HTML
  Rendering staticpages/index.html.erb within layouts/application
  Rendered staticpages/index.html.erb within layouts/application (0.2ms)
Completed 200 OK in 197ms (Views: 197.1ms | ActiveRecord: 0.0ms)


Started GET "/" for ::1 at 2019-08-29 17:48:49 -0400
Processing by StaticpagesController#root as HTML
  Rendering staticpages/index.html.erb within layouts/application
  Rendered staticpages/index.html.erb within layouts/application (0.3ms)
Completed 200 OK in 16ms (Views: 15.4ms | ActiveRecord: 0.0ms)


Started GET "/" for ::1 at 2019-08-29 17:49:01 -0400
Processing by StaticpagesController#root as HTML
  Rendering staticpages/index.html.erb within layouts/application
  Rendered staticpages/index.html.erb within layouts/application (0.2ms)
Completed 200 OK in 200ms (Views: 199.5ms | ActiveRecord: 0.0ms)


Started GET "/" for ::1 at 2019-08-29 17:49:12 -0400
Processing by StaticpagesController#root as HTML
  Rendering staticpages/index.html.erb within layouts/application
  Rendered staticpages/index.html.erb within layouts/application (0.6ms)
Completed 200 OK in 231ms (Views: 229.7ms | ActiveRecord: 0.0ms)


Started GET "/" for ::1 at 2019-08-29 17:49:39 -0400
Processing by StaticpagesController#root as HTML
  Rendering staticpages/index.html.erb within layouts/application
  Rendered staticpages/index.html.erb within layouts/application (0.2ms)
Completed 200 OK in 191ms (Views: 190.2ms | ActiveRecord: 0.0ms)


Started GET "/" for ::1 at 2019-08-29 17:50:10 -0400
Processing by StaticpagesController#root as HTML
  Rendering staticpages/index.html.erb within layouts/application
  Rendered staticpages/index.html.erb within layouts/application (0.2ms)
Completed 200 OK in 196ms (Views: 196.0ms | ActiveRecord: 0.0ms)


Started GET "/" for ::1 at 2019-08-29 17:50:35 -0400
Processing by StaticpagesController#root as HTML
  Rendering staticpages/index.html.erb within layouts/application
  Rendered staticpages/index.html.erb within layouts/application (0.2ms)
Completed 200 OK in 230ms (Views: 229.9ms | ActiveRecord: 0.0ms)


Started GET "/" for ::1 at 2019-08-29 17:51:03 -0400
Processing by StaticpagesController#root as HTML
  Rendering staticpages/index.html.erb within layouts/application
  Rendered staticpages/index.html.erb within layouts/application (0.5ms)
Completed 200 OK in 198ms (Views: 196.7ms | ActiveRecord: 0.0ms)


Started GET "/" for ::1 at 2019-08-29 17:51:22 -0400
Processing by StaticpagesController#root as HTML
  Rendering staticpages/index.html.erb within layouts/application
  Rendered staticpages/index.html.erb within layouts/application (0.3ms)
Completed 200 OK in 205ms (Views: 204.3ms | ActiveRecord: 0.0ms)


Started GET "/" for ::1 at 2019-08-29 17:52:26 -0400
Processing by StaticpagesController#root as HTML
  Rendering staticpages/index.html.erb within layouts/application
  Rendered staticpages/index.html.erb within layouts/application (0.2ms)
Completed 200 OK in 197ms (Views: 196.7ms | ActiveRecord: 0.0ms)


Started GET "/" for ::1 at 2019-08-29 17:52:36 -0400
Processing by StaticpagesController#root as HTML
  Rendering staticpages/index.html.erb within layouts/application
  Rendered staticpages/index.html.erb within layouts/application (0.3ms)
Completed 200 OK in 199ms (Views: 198.4ms | ActiveRecord: 0.0ms)


Started GET "/" for ::1 at 2019-08-29 17:52:52 -0400
Processing by StaticpagesController#root as HTML
  Rendering staticpages/index.html.erb within layouts/application
  Rendered staticpages/index.html.erb within layouts/application (0.6ms)
Completed 200 OK in 222ms (Views: 221.6ms | ActiveRecord: 0.0ms)


Started GET "/" for ::1 at 2019-08-29 17:54:42 -0400
Processing by StaticpagesController#root as HTML
  Rendering staticpages/index.html.erb within layouts/application
  Rendered staticpages/index.html.erb within layouts/application (0.3ms)
Completed 200 OK in 199ms (Views: 198.9ms | ActiveRecord: 0.0ms)


Started GET "/" for ::1 at 2019-08-29 17:55:12 -0400
Processing by StaticpagesController#root as HTML
  Rendering staticpages/index.html.erb within layouts/application
  Rendered staticpages/index.html.erb within layouts/application (0.2ms)
Completed 200 OK in 16ms (Views: 15.6ms | ActiveRecord: 0.0ms)


Started GET "/" for ::1 at 2019-08-29 17:55:30 -0400
Processing by StaticpagesController#root as HTML
  Rendering staticpages/index.html.erb within layouts/application
  Rendered staticpages/index.html.erb within layouts/application (0.2ms)
Completed 200 OK in 195ms (Views: 194.2ms | ActiveRecord: 0.0ms)


Started GET "/" for ::1 at 2019-08-29 17:55:51 -0400
Processing by StaticpagesController#root as HTML
  Rendering staticpages/index.html.erb within layouts/application
  Rendered staticpages/index.html.erb within layouts/application (0.7ms)
Completed 200 OK in 204ms (Views: 202.8ms | ActiveRecord: 0.0ms)


Started GET "/" for ::1 at 2019-08-29 17:56:17 -0400
Processing by StaticpagesController#root as HTML
  Rendering staticpages/index.html.erb within layouts/application
  Rendered staticpages/index.html.erb within layouts/application (0.2ms)
Completed 200 OK in 193ms (Views: 192.7ms | ActiveRecord: 0.0ms)


Started GET "/" for ::1 at 2019-08-29 17:56:54 -0400
Processing by StaticpagesController#root as HTML
  Rendering staticpages/index.html.erb within layouts/application
  Rendered staticpages/index.html.erb within layouts/application (0.2ms)
Completed 200 OK in 200ms (Views: 199.3ms | ActiveRecord: 0.0ms)


Started GET "/" for ::1 at 2019-08-29 17:57:18 -0400
Processing by StaticpagesController#root as HTML
  Rendering staticpages/index.html.erb within layouts/application
  Rendered staticpages/index.html.erb within layouts/application (0.2ms)
Completed 200 OK in 14ms (Views: 14.0ms | ActiveRecord: 0.0ms)


Started GET "/" for ::1 at 2019-08-29 17:57:26 -0400
Processing by StaticpagesController#root as HTML
  Rendering staticpages/index.html.erb within layouts/application
  Rendered staticpages/index.html.erb within layouts/application (0.6ms)
Completed 200 OK in 212ms (Views: 210.8ms | ActiveRecord: 0.0ms)


Started GET "/" for ::1 at 2019-08-29 17:58:09 -0400
Processing by StaticpagesController#root as HTML
  Rendering staticpages/index.html.erb within layouts/application
  Rendered staticpages/index.html.erb within layouts/application (0.2ms)
Completed 200 OK in 196ms (Views: 195.8ms | ActiveRecord: 0.0ms)


Started GET "/Home" for ::1 at 2019-08-29 17:58:10 -0400
  
ActionController::RoutingError (No route matches [GET] "/Home"):
  
actionpack (5.2.3) lib/action_dispatch/middleware/debug_exceptions.rb:65:in `call'
web-console (3.7.0) lib/web_console/middleware.rb:135:in `call_app'
web-console (3.7.0) lib/web_console/middleware.rb:30:in `block in call'
web-console (3.7.0) lib/web_console/middleware.rb:20:in `catch'
web-console (3.7.0) lib/web_console/middleware.rb:20:in `call'
actionpack (5.2.3) lib/action_dispatch/middleware/show_exceptions.rb:33:in `call'
railties (5.2.3) lib/rails/rack/logger.rb:38:in `call_app'
railties (5.2.3) lib/rails/rack/logger.rb:26:in `block in call'
activesupport (5.2.3) lib/active_support/tagged_logging.rb:71:in `block in tagged'
activesupport (5.2.3) lib/active_support/tagged_logging.rb:28:in `tagged'
activesupport (5.2.3) lib/active_support/tagged_logging.rb:71:in `tagged'
railties (5.2.3) lib/rails/rack/logger.rb:26:in `call'
sprockets-rails (3.2.1) lib/sprockets/rails/quiet_assets.rb:13:in `call'
actionpack (5.2.3) lib/action_dispatch/middleware/remote_ip.rb:81:in `call'
actionpack (5.2.3) lib/action_dispatch/middleware/request_id.rb:27:in `call'
rack (2.0.7) lib/rack/method_override.rb:22:in `call'
rack (2.0.7) lib/rack/runtime.rb:22:in `call'
activesupport (5.2.3) lib/active_support/cache/strategy/local_cache_middleware.rb:29:in `call'
actionpack (5.2.3) lib/action_dispatch/middleware/executor.rb:14:in `call'
actionpack (5.2.3) lib/action_dispatch/middleware/static.rb:127:in `call'
rack (2.0.7) lib/rack/sendfile.rb:111:in `call'
railties (5.2.3) lib/rails/engine.rb:524:in `call'
puma (3.12.1) lib/puma/configuration.rb:227:in `call'
puma (3.12.1) lib/puma/server.rb:660:in `handle_request'
puma (3.12.1) lib/puma/server.rb:474:in `process_client'
puma (3.12.1) lib/puma/server.rb:334:in `block in run'
puma (3.12.1) lib/puma/thread_pool.rb:135:in `block in spawn_thread'
Started GET "/" for ::1 at 2019-08-29 17:58:23 -0400
Processing by StaticpagesController#root as HTML
  Rendering staticpages/index.html.erb within layouts/application
  Rendered staticpages/index.html.erb within layouts/application (0.5ms)
Completed 200 OK in 29ms (Views: 28.4ms | ActiveRecord: 0.0ms)


Started GET "/Home" for ::1 at 2019-08-29 17:58:26 -0400
  
ActionController::RoutingError (No route matches [GET] "/Home"):
  
actionpack (5.2.3) lib/action_dispatch/middleware/debug_exceptions.rb:65:in `call'
web-console (3.7.0) lib/web_console/middleware.rb:135:in `call_app'
web-console (3.7.0) lib/web_console/middleware.rb:30:in `block in call'
web-console (3.7.0) lib/web_console/middleware.rb:20:in `catch'
web-console (3.7.0) lib/web_console/middleware.rb:20:in `call'
actionpack (5.2.3) lib/action_dispatch/middleware/show_exceptions.rb:33:in `call'
railties (5.2.3) lib/rails/rack/logger.rb:38:in `call_app'
railties (5.2.3) lib/rails/rack/logger.rb:26:in `block in call'
activesupport (5.2.3) lib/active_support/tagged_logging.rb:71:in `block in tagged'
activesupport (5.2.3) lib/active_support/tagged_logging.rb:28:in `tagged'
activesupport (5.2.3) lib/active_support/tagged_logging.rb:71:in `tagged'
railties (5.2.3) lib/rails/rack/logger.rb:26:in `call'
sprockets-rails (3.2.1) lib/sprockets/rails/quiet_assets.rb:13:in `call'
actionpack (5.2.3) lib/action_dispatch/middleware/remote_ip.rb:81:in `call'
actionpack (5.2.3) lib/action_dispatch/middleware/request_id.rb:27:in `call'
rack (2.0.7) lib/rack/method_override.rb:22:in `call'
rack (2.0.7) lib/rack/runtime.rb:22:in `call'
activesupport (5.2.3) lib/active_support/cache/strategy/local_cache_middleware.rb:29:in `call'
actionpack (5.2.3) lib/action_dispatch/middleware/executor.rb:14:in `call'
actionpack (5.2.3) lib/action_dispatch/middleware/static.rb:127:in `call'
rack (2.0.7) lib/rack/sendfile.rb:111:in `call'
railties (5.2.3) lib/rails/engine.rb:524:in `call'
puma (3.12.1) lib/puma/configuration.rb:227:in `call'
puma (3.12.1) lib/puma/server.rb:660:in `handle_request'
puma (3.12.1) lib/puma/server.rb:474:in `process_client'
puma (3.12.1) lib/puma/server.rb:334:in `block in run'
puma (3.12.1) lib/puma/thread_pool.rb:135:in `block in spawn_thread'
Started GET "/Home" for ::1 at 2019-08-29 17:58:38 -0400
  
ActionController::RoutingError (No route matches [GET] "/Home"):
  
actionpack (5.2.3) lib/action_dispatch/middleware/debug_exceptions.rb:65:in `call'
web-console (3.7.0) lib/web_console/middleware.rb:135:in `call_app'
web-console (3.7.0) lib/web_console/middleware.rb:30:in `block in call'
web-console (3.7.0) lib/web_console/middleware.rb:20:in `catch'
web-console (3.7.0) lib/web_console/middleware.rb:20:in `call'
actionpack (5.2.3) lib/action_dispatch/middleware/show_exceptions.rb:33:in `call'
railties (5.2.3) lib/rails/rack/logger.rb:38:in `call_app'
railties (5.2.3) lib/rails/rack/logger.rb:26:in `block in call'
activesupport (5.2.3) lib/active_support/tagged_logging.rb:71:in `block in tagged'
activesupport (5.2.3) lib/active_support/tagged_logging.rb:28:in `tagged'
activesupport (5.2.3) lib/active_support/tagged_logging.rb:71:in `tagged'
railties (5.2.3) lib/rails/rack/logger.rb:26:in `call'
sprockets-rails (3.2.1) lib/sprockets/rails/quiet_assets.rb:13:in `call'
actionpack (5.2.3) lib/action_dispatch/middleware/remote_ip.rb:81:in `call'
actionpack (5.2.3) lib/action_dispatch/middleware/request_id.rb:27:in `call'
rack (2.0.7) lib/rack/method_override.rb:22:in `call'
rack (2.0.7) lib/rack/runtime.rb:22:in `call'
activesupport (5.2.3) lib/active_support/cache/strategy/local_cache_middleware.rb:29:in `call'
actionpack (5.2.3) lib/action_dispatch/middleware/executor.rb:14:in `call'
actionpack (5.2.3) lib/action_dispatch/middleware/static.rb:127:in `call'
rack (2.0.7) lib/rack/sendfile.rb:111:in `call'
railties (5.2.3) lib/rails/engine.rb:524:in `call'
puma (3.12.1) lib/puma/configuration.rb:227:in `call'
puma (3.12.1) lib/puma/server.rb:660:in `handle_request'
puma (3.12.1) lib/puma/server.rb:474:in `process_client'
puma (3.12.1) lib/puma/server.rb:334:in `block in run'
puma (3.12.1) lib/puma/thread_pool.rb:135:in `block in spawn_thread'
Started GET "/" for ::1 at 2019-08-29 17:58:42 -0400
Processing by StaticpagesController#root as HTML
  Rendering staticpages/index.html.erb within layouts/application
  Rendered staticpages/index.html.erb within layouts/application (0.2ms)
Completed 200 OK in 213ms (Views: 212.8ms | ActiveRecord: 0.0ms)


Started GET "/" for ::1 at 2019-08-29 18:00:31 -0400
Processing by StaticpagesController#root as HTML
  Rendering staticpages/index.html.erb within layouts/application
  Rendered staticpages/index.html.erb within layouts/application (0.2ms)
Completed 200 OK in 203ms (Views: 202.8ms | ActiveRecord: 0.0ms)


Started GET "/" for ::1 at 2019-08-29 18:01:26 -0400
Processing by StaticpagesController#root as HTML
  Rendering staticpages/index.html.erb within layouts/application
  Rendered staticpages/index.html.erb within layouts/application (0.2ms)
Completed 200 OK in 197ms (Views: 195.7ms | ActiveRecord: 0.0ms)


Started GET "/" for ::1 at 2019-08-29 18:08:57 -0400
Processing by StaticpagesController#root as HTML
  Rendering staticpages/index.html.erb within layouts/application
  Rendered staticpages/index.html.erb within layouts/application (0.3ms)
Completed 200 OK in 213ms (Views: 212.4ms | ActiveRecord: 0.0ms)


Started GET "/" for ::1 at 2019-08-29 18:09:21 -0400
Processing by StaticpagesController#root as HTML
  Rendering staticpages/index.html.erb within layouts/application
  Rendered staticpages/index.html.erb within layouts/application (0.6ms)
Completed 200 OK in 193ms (Views: 192.8ms | ActiveRecord: 0.0ms)


Started GET "/" for ::1 at 2019-08-29 18:09:42 -0400
Processing by StaticpagesController#root as HTML
  Rendering staticpages/index.html.erb within layouts/application
  Rendered staticpages/index.html.erb within layouts/application (0.7ms)
Completed 200 OK in 206ms (Views: 205.2ms | ActiveRecord: 0.0ms)


Started GET "/" for ::1 at 2019-08-29 18:10:23 -0400
Processing by StaticpagesController#root as HTML
  Rendering staticpages/index.html.erb within layouts/application
  Rendered staticpages/index.html.erb within layouts/application (0.8ms)
Completed 200 OK in 226ms (Views: 225.4ms | ActiveRecord: 0.0ms)


Started GET "/" for ::1 at 2019-08-29 18:11:22 -0400
Processing by StaticpagesController#root as HTML
  Rendering staticpages/index.html.erb within layouts/application
  Rendered staticpages/index.html.erb within layouts/application (0.3ms)
Completed 200 OK in 16ms (Views: 15.4ms | ActiveRecord: 0.0ms)


Started GET "/" for ::1 at 2019-08-29 18:12:19 -0400
Processing by StaticpagesController#root as HTML
  Rendering staticpages/index.html.erb within layouts/application
  Rendered staticpages/index.html.erb within layouts/application (0.2ms)
Completed 200 OK in 14ms (Views: 13.8ms | ActiveRecord: 0.0ms)


Started GET "/" for ::1 at 2019-08-29 18:15:39 -0400
Processing by StaticpagesController#root as HTML
  Rendering staticpages/index.html.erb within layouts/application
  Rendered staticpages/index.html.erb within layouts/application (0.2ms)
Completed 200 OK in 14ms (Views: 13.3ms | ActiveRecord: 0.0ms)


Started GET "/" for ::1 at 2019-08-29 18:17:08 -0400
Processing by StaticpagesController#root as HTML
  Rendering staticpages/index.html.erb within layouts/application
  Rendered staticpages/index.html.erb within layouts/application (0.3ms)
Completed 200 OK in 25ms (Views: 24.3ms | ActiveRecord: 0.0ms)


Started GET "/" for ::1 at 2019-08-29 18:18:26 -0400
Processing by StaticpagesController#root as HTML
  Rendering staticpages/index.html.erb within layouts/application
  Rendered staticpages/index.html.erb within layouts/application (0.2ms)
Completed 200 OK in 14ms (Views: 14.2ms | ActiveRecord: 0.0ms)


Started GET "/" for ::1 at 2019-08-29 18:20:00 -0400
Processing by StaticpagesController#root as HTML
  Rendering staticpages/index.html.erb within layouts/application
  Rendered staticpages/index.html.erb within layouts/application (0.3ms)
Completed 200 OK in 15ms (Views: 15.0ms | ActiveRecord: 0.0ms)


Started GET "/" for ::1 at 2019-08-29 18:20:48 -0400
Processing by StaticpagesController#root as HTML
  Rendering staticpages/index.html.erb within layouts/application
  Rendered staticpages/index.html.erb within layouts/application (0.3ms)
Completed 200 OK in 15ms (Views: 14.5ms | ActiveRecord: 0.0ms)


Started GET "/" for ::1 at 2019-08-29 18:23:16 -0400
Processing by StaticpagesController#root as HTML
  Rendering staticpages/index.html.erb within layouts/application
  Rendered staticpages/index.html.erb within layouts/application (0.3ms)
Completed 200 OK in 15ms (Views: 14.1ms | ActiveRecord: 0.0ms)


Started GET "/" for ::1 at 2019-08-29 18:23:28 -0400
Processing by StaticpagesController#root as HTML
  Rendering staticpages/index.html.erb within layouts/application
  Rendered staticpages/index.html.erb within layouts/application (0.7ms)
Completed 200 OK in 39ms (Views: 38.7ms | ActiveRecord: 0.0ms)


Started GET "/" for ::1 at 2019-08-29 18:23:28 -0400
Processing by StaticpagesController#root as HTML
  Rendering staticpages/index.html.erb within layouts/application
  Rendered staticpages/index.html.erb within layouts/application (0.6ms)
Completed 200 OK in 52ms (Views: 51.6ms | ActiveRecord: 0.0ms)


Started GET "/" for ::1 at 2019-08-29 18:24:46 -0400
Processing by StaticpagesController#root as HTML
  Rendering staticpages/index.html.erb within layouts/application
  Rendered staticpages/index.html.erb within layouts/application (0.2ms)
Completed 200 OK in 200ms (Views: 200.1ms | ActiveRecord: 0.0ms)


Started GET "/" for ::1 at 2019-08-29 18:25:25 -0400
Processing by StaticpagesController#root as HTML
  Rendering staticpages/index.html.erb within layouts/application
  Rendered staticpages/index.html.erb within layouts/application (0.8ms)
Completed 200 OK in 217ms (Views: 216.0ms | ActiveRecord: 0.0ms)


Started GET "/" for ::1 at 2019-08-29 18:25:42 -0400
Processing by StaticpagesController#root as HTML
  Rendering staticpages/index.html.erb within layouts/application
  Rendered staticpages/index.html.erb within layouts/application (0.2ms)
Completed 200 OK in 194ms (Views: 193.8ms | ActiveRecord: 0.0ms)


Started GET "/" for ::1 at 2019-08-29 18:26:19 -0400
Processing by StaticpagesController#root as HTML
  Rendering staticpages/index.html.erb within layouts/application
  Rendered staticpages/index.html.erb within layouts/application (0.7ms)
Completed 200 OK in 234ms (Views: 232.8ms | ActiveRecord: 0.0ms)


Started GET "/" for ::1 at 2019-08-29 18:31:51 -0400
Processing by StaticpagesController#root as HTML
  Rendering staticpages/index.html.erb within layouts/application
  Rendered staticpages/index.html.erb within layouts/application (0.2ms)
Completed 200 OK in 202ms (Views: 201.3ms | ActiveRecord: 0.0ms)


Started GET "/" for ::1 at 2019-08-29 18:32:11 -0400
Processing by StaticpagesController#root as HTML
  Rendering staticpages/index.html.erb within layouts/application
  Rendered staticpages/index.html.erb within layouts/application (0.2ms)
Completed 200 OK in 204ms (Views: 203.7ms | ActiveRecord: 0.0ms)


Started GET "/" for ::1 at 2019-08-29 18:32:21 -0400
Processing by StaticpagesController#root as HTML
  Rendering staticpages/index.html.erb within layouts/application
  Rendered staticpages/index.html.erb within layouts/application (0.3ms)
Completed 200 OK in 222ms (Views: 221.2ms | ActiveRecord: 0.0ms)


Started GET "/" for ::1 at 2019-08-29 18:32:32 -0400
Processing by StaticpagesController#root as HTML
  Rendering staticpages/index.html.erb within layouts/application
  Rendered staticpages/index.html.erb within layouts/application (0.6ms)
Completed 200 OK in 225ms (Views: 223.8ms | ActiveRecord: 0.0ms)


Started GET "/" for ::1 at 2019-08-29 18:32:51 -0400
Processing by StaticpagesController#root as HTML
  Rendering staticpages/index.html.erb within layouts/application
  Rendered staticpages/index.html.erb within layouts/application (0.2ms)
Completed 200 OK in 196ms (Views: 195.2ms | ActiveRecord: 0.0ms)


Started GET "/" for ::1 at 2019-08-29 18:33:12 -0400
Processing by StaticpagesController#root as HTML
  Rendering staticpages/index.html.erb within layouts/application
  Rendered staticpages/index.html.erb within layouts/application (0.7ms)
Completed 200 OK in 229ms (Views: 228.6ms | ActiveRecord: 0.0ms)


Started GET "/" for ::1 at 2019-08-29 18:33:22 -0400
Processing by StaticpagesController#root as HTML
  Rendering staticpages/index.html.erb within layouts/application
  Rendered staticpages/index.html.erb within layouts/application (0.6ms)
Completed 200 OK in 50ms (Views: 49.8ms | ActiveRecord: 0.0ms)


Started GET "/" for ::1 at 2019-08-29 18:34:26 -0400
Processing by StaticpagesController#root as HTML
  Rendering staticpages/index.html.erb within layouts/application
  Rendered staticpages/index.html.erb within layouts/application (0.2ms)
Completed 200 OK in 206ms (Views: 205.4ms | ActiveRecord: 0.0ms)


Started GET "/" for ::1 at 2019-08-29 18:34:51 -0400
Processing by StaticpagesController#root as HTML
  Rendering staticpages/index.html.erb within layouts/application
  Rendered staticpages/index.html.erb within layouts/application (0.2ms)
Completed 200 OK in 209ms (Views: 208.7ms | ActiveRecord: 0.0ms)


Started GET "/" for ::1 at 2019-08-29 18:36:25 -0400
Processing by StaticpagesController#root as HTML
  Rendering staticpages/index.html.erb within layouts/application
  Rendered staticpages/index.html.erb within layouts/application (0.2ms)
Completed 200 OK in 233ms (Views: 232.5ms | ActiveRecord: 0.0ms)


Started GET "/" for ::1 at 2019-08-29 18:37:41 -0400
Processing by StaticpagesController#root as HTML
  Rendering staticpages/index.html.erb within layouts/application
  Rendered staticpages/index.html.erb within layouts/application (0.2ms)
Completed 200 OK in 215ms (Views: 214.6ms | ActiveRecord: 0.0ms)


Started GET "/" for ::1 at 2019-08-29 18:38:01 -0400
Processing by StaticpagesController#root as HTML
  Rendering staticpages/index.html.erb within layouts/application
  Rendered staticpages/index.html.erb within layouts/application (0.6ms)
Completed 200 OK in 40ms (Views: 39.3ms | ActiveRecord: 0.0ms)


Started GET "/" for ::1 at 2019-08-29 18:39:07 -0400
Processing by StaticpagesController#root as HTML
  Rendering staticpages/index.html.erb within layouts/application
  Rendered staticpages/index.html.erb within layouts/application (0.9ms)
Completed 200 OK in 252ms (Views: 251.4ms | ActiveRecord: 0.0ms)


Started GET "/" for ::1 at 2019-08-29 18:39:30 -0400
Processing by StaticpagesController#root as HTML
  Rendering staticpages/index.html.erb within layouts/application
  Rendered staticpages/index.html.erb within layouts/application (0.2ms)
Completed 200 OK in 25ms (Views: 24.5ms | ActiveRecord: 0.0ms)


Started GET "/" for ::1 at 2019-08-29 18:39:46 -0400
Processing by StaticpagesController#root as HTML
  Rendering staticpages/index.html.erb within layouts/application
  Rendered staticpages/index.html.erb within layouts/application (0.6ms)
Completed 200 OK in 38ms (Views: 37.3ms | ActiveRecord: 0.0ms)


Started GET "/" for ::1 at 2019-08-29 18:40:01 -0400
Processing by StaticpagesController#root as HTML
  Rendering staticpages/index.html.erb within layouts/application
  Rendered staticpages/index.html.erb within layouts/application (0.3ms)
Completed 200 OK in 43ms (Views: 42.3ms | ActiveRecord: 0.0ms)


Started GET "/" for ::1 at 2019-08-29 18:40:29 -0400
Processing by StaticpagesController#root as HTML
  Rendering staticpages/index.html.erb within layouts/application
  Rendered staticpages/index.html.erb within layouts/application (0.3ms)
Completed 200 OK in 38ms (Views: 37.2ms | ActiveRecord: 0.0ms)


Started GET "/" for ::1 at 2019-08-29 18:41:09 -0400
Processing by StaticpagesController#root as HTML
  Rendering staticpages/index.html.erb within layouts/application
  Rendered staticpages/index.html.erb within layouts/application (0.3ms)
Completed 200 OK in 27ms (Views: 26.3ms | ActiveRecord: 0.0ms)


